2024-05-28 18:24:18,029 - MainThread - sqlmesh.core.config.connection - INFO - Creating new DuckDB adapter for data files: {'db.db'} (connection.py:294)
2024-05-28 18:24:18,330 - MainThread - sqlmesh.core.config.connection - INFO - Creating new DuckDB adapter for in-memory database (connection.py:296)
2024-05-28 18:24:18,357 - MainThread - sqlmesh.core.config.connection - INFO - Using existing DuckDB adapter due to overlapping data file: db.db (connection.py:290)
2024-05-28 18:24:18,376 - MainThread - sqlmesh.core.state_sync.engine_adapter - INFO - Applying migration <module 'sqlmesh.migrations.v0001_init' from '/Users/alexanderstoner/dev/sqlmesh-prac/.env/lib/python3.9/site-packages/sqlmesh/migrations/v0001_init.py'> (engine_adapter.py:1004)
2024-05-28 18:24:18,380 - MainThread - sqlmesh.core.state_sync.engine_adapter - INFO - Applying migration <module 'sqlmesh.migrations.v0002_remove_identify' from '/Users/alexanderstoner/dev/sqlmesh-prac/.env/lib/python3.9/site-packages/sqlmesh/migrations/v0002_remove_identify.py'> (engine_adapter.py:1004)
2024-05-28 18:24:18,380 - MainThread - sqlmesh.core.state_sync.engine_adapter - INFO - Applying migration <module 'sqlmesh.migrations.v0003_move_batch_size' from '/Users/alexanderstoner/dev/sqlmesh-prac/.env/lib/python3.9/site-packages/sqlmesh/migrations/v0003_move_batch_size.py'> (engine_adapter.py:1004)
2024-05-28 18:24:18,381 - MainThread - sqlmesh.core.state_sync.engine_adapter - INFO - Applying migration <module 'sqlmesh.migrations.v0004_environmnent_add_finalized_at' from '/Users/alexanderstoner/dev/sqlmesh-prac/.env/lib/python3.9/site-packages/sqlmesh/migrations/v0004_environmnent_add_finalized_at.py'> (engine_adapter.py:1004)
2024-05-28 18:24:18,382 - MainThread - sqlmesh.core.state_sync.engine_adapter - INFO - Applying migration <module 'sqlmesh.migrations.v0005_create_seed_table' from '/Users/alexanderstoner/dev/sqlmesh-prac/.env/lib/python3.9/site-packages/sqlmesh/migrations/v0005_create_seed_table.py'> (engine_adapter.py:1004)
2024-05-28 18:24:18,383 - MainThread - sqlmesh.core.state_sync.engine_adapter - INFO - Applying migration <module 'sqlmesh.migrations.v0006_change_seed_hash' from '/Users/alexanderstoner/dev/sqlmesh-prac/.env/lib/python3.9/site-packages/sqlmesh/migrations/v0006_change_seed_hash.py'> (engine_adapter.py:1004)
2024-05-28 18:24:18,383 - MainThread - sqlmesh.core.state_sync.engine_adapter - INFO - Applying migration <module 'sqlmesh.migrations.v0007_env_table_info_to_kind' from '/Users/alexanderstoner/dev/sqlmesh-prac/.env/lib/python3.9/site-packages/sqlmesh/migrations/v0007_env_table_info_to_kind.py'> (engine_adapter.py:1004)
2024-05-28 18:24:18,384 - MainThread - sqlmesh.core.state_sync.engine_adapter - INFO - Applying migration <module 'sqlmesh.migrations.v0008_create_intervals_table' from '/Users/alexanderstoner/dev/sqlmesh-prac/.env/lib/python3.9/site-packages/sqlmesh/migrations/v0008_create_intervals_table.py'> (engine_adapter.py:1004)
2024-05-28 18:24:18,385 - MainThread - sqlmesh.core.state_sync.engine_adapter - INFO - Applying migration <module 'sqlmesh.migrations.v0009_remove_pre_post_hooks' from '/Users/alexanderstoner/dev/sqlmesh-prac/.env/lib/python3.9/site-packages/sqlmesh/migrations/v0009_remove_pre_post_hooks.py'> (engine_adapter.py:1004)
2024-05-28 18:24:18,386 - MainThread - sqlmesh.core.state_sync.engine_adapter - INFO - Applying migration <module 'sqlmesh.migrations.v0010_seed_hash_batch_size' from '/Users/alexanderstoner/dev/sqlmesh-prac/.env/lib/python3.9/site-packages/sqlmesh/migrations/v0010_seed_hash_batch_size.py'> (engine_adapter.py:1004)
2024-05-28 18:24:18,386 - MainThread - sqlmesh.core.state_sync.engine_adapter - INFO - Applying migration <module 'sqlmesh.migrations.v0011_add_model_kind_name' from '/Users/alexanderstoner/dev/sqlmesh-prac/.env/lib/python3.9/site-packages/sqlmesh/migrations/v0011_add_model_kind_name.py'> (engine_adapter.py:1004)
2024-05-28 18:24:18,387 - MainThread - sqlmesh.core.state_sync.engine_adapter - INFO - Applying migration <module 'sqlmesh.migrations.v0012_update_jinja_expressions' from '/Users/alexanderstoner/dev/sqlmesh-prac/.env/lib/python3.9/site-packages/sqlmesh/migrations/v0012_update_jinja_expressions.py'> (engine_adapter.py:1004)
2024-05-28 18:24:18,387 - MainThread - sqlmesh.core.state_sync.engine_adapter - INFO - Applying migration <module 'sqlmesh.migrations.v0013_serde_using_model_dialects' from '/Users/alexanderstoner/dev/sqlmesh-prac/.env/lib/python3.9/site-packages/sqlmesh/migrations/v0013_serde_using_model_dialects.py'> (engine_adapter.py:1004)
2024-05-28 18:24:18,388 - MainThread - sqlmesh.core.state_sync.engine_adapter - INFO - Applying migration <module 'sqlmesh.migrations.v0014_fix_dev_intervals' from '/Users/alexanderstoner/dev/sqlmesh-prac/.env/lib/python3.9/site-packages/sqlmesh/migrations/v0014_fix_dev_intervals.py'> (engine_adapter.py:1004)
2024-05-28 18:24:18,389 - MainThread - sqlmesh.core.state_sync.engine_adapter - INFO - Applying migration <module 'sqlmesh.migrations.v0015_environment_add_promoted_snapshot_ids' from '/Users/alexanderstoner/dev/sqlmesh-prac/.env/lib/python3.9/site-packages/sqlmesh/migrations/v0015_environment_add_promoted_snapshot_ids.py'> (engine_adapter.py:1004)
2024-05-28 18:24:18,389 - MainThread - sqlmesh.core.state_sync.engine_adapter - INFO - Applying migration <module 'sqlmesh.migrations.v0016_fix_windows_path' from '/Users/alexanderstoner/dev/sqlmesh-prac/.env/lib/python3.9/site-packages/sqlmesh/migrations/v0016_fix_windows_path.py'> (engine_adapter.py:1004)
2024-05-28 18:24:18,390 - MainThread - sqlmesh.core.state_sync.engine_adapter - INFO - Applying migration <module 'sqlmesh.migrations.v0017_fix_windows_seed_path' from '/Users/alexanderstoner/dev/sqlmesh-prac/.env/lib/python3.9/site-packages/sqlmesh/migrations/v0017_fix_windows_seed_path.py'> (engine_adapter.py:1004)
2024-05-28 18:24:18,390 - MainThread - sqlmesh.core.state_sync.engine_adapter - INFO - Applying migration <module 'sqlmesh.migrations.v0018_rename_snapshot_model_to_node' from '/Users/alexanderstoner/dev/sqlmesh-prac/.env/lib/python3.9/site-packages/sqlmesh/migrations/v0018_rename_snapshot_model_to_node.py'> (engine_adapter.py:1004)
2024-05-28 18:24:18,391 - MainThread - sqlmesh.core.state_sync.engine_adapter - INFO - Applying migration <module 'sqlmesh.migrations.v0019_add_env_suffix_target' from '/Users/alexanderstoner/dev/sqlmesh-prac/.env/lib/python3.9/site-packages/sqlmesh/migrations/v0019_add_env_suffix_target.py'> (engine_adapter.py:1004)
2024-05-28 18:24:18,392 - MainThread - sqlmesh.core.state_sync.engine_adapter - INFO - Applying migration <module 'sqlmesh.migrations.v0020_remove_redundant_attributes_from_dbt_models' from '/Users/alexanderstoner/dev/sqlmesh-prac/.env/lib/python3.9/site-packages/sqlmesh/migrations/v0020_remove_redundant_attributes_from_dbt_models.py'> (engine_adapter.py:1004)
2024-05-28 18:24:18,392 - MainThread - sqlmesh.core.state_sync.engine_adapter - INFO - Applying migration <module 'sqlmesh.migrations.v0021_fix_table_properties' from '/Users/alexanderstoner/dev/sqlmesh-prac/.env/lib/python3.9/site-packages/sqlmesh/migrations/v0021_fix_table_properties.py'> (engine_adapter.py:1004)
2024-05-28 18:24:18,392 - MainThread - sqlmesh.core.state_sync.engine_adapter - INFO - Applying migration <module 'sqlmesh.migrations.v0022_move_project_to_model' from '/Users/alexanderstoner/dev/sqlmesh-prac/.env/lib/python3.9/site-packages/sqlmesh/migrations/v0022_move_project_to_model.py'> (engine_adapter.py:1004)
2024-05-28 18:24:18,393 - MainThread - sqlmesh.core.state_sync.engine_adapter - INFO - Applying migration <module 'sqlmesh.migrations.v0023_fix_added_models_with_forward_only_parents' from '/Users/alexanderstoner/dev/sqlmesh-prac/.env/lib/python3.9/site-packages/sqlmesh/migrations/v0023_fix_added_models_with_forward_only_parents.py'> (engine_adapter.py:1004)
2024-05-28 18:24:18,393 - MainThread - sqlmesh.core.state_sync.engine_adapter - INFO - Applying migration <module 'sqlmesh.migrations.v0024_replace_model_kind_name_enum_with_value' from '/Users/alexanderstoner/dev/sqlmesh-prac/.env/lib/python3.9/site-packages/sqlmesh/migrations/v0024_replace_model_kind_name_enum_with_value.py'> (engine_adapter.py:1004)
2024-05-28 18:24:18,394 - MainThread - sqlmesh.core.state_sync.engine_adapter - INFO - Applying migration <module 'sqlmesh.migrations.v0025_fix_intervals_and_missing_change_category' from '/Users/alexanderstoner/dev/sqlmesh-prac/.env/lib/python3.9/site-packages/sqlmesh/migrations/v0025_fix_intervals_and_missing_change_category.py'> (engine_adapter.py:1004)
2024-05-28 18:24:18,394 - MainThread - sqlmesh.core.state_sync.engine_adapter - INFO - Applying migration <module 'sqlmesh.migrations.v0026_remove_dialect_from_seed' from '/Users/alexanderstoner/dev/sqlmesh-prac/.env/lib/python3.9/site-packages/sqlmesh/migrations/v0026_remove_dialect_from_seed.py'> (engine_adapter.py:1004)
2024-05-28 18:24:18,395 - MainThread - sqlmesh.core.state_sync.engine_adapter - INFO - Applying migration <module 'sqlmesh.migrations.v0027_minute_interval_to_five' from '/Users/alexanderstoner/dev/sqlmesh-prac/.env/lib/python3.9/site-packages/sqlmesh/migrations/v0027_minute_interval_to_five.py'> (engine_adapter.py:1004)
2024-05-28 18:24:18,399 - MainThread - sqlmesh.core.state_sync.engine_adapter - INFO - Applying migration <module 'sqlmesh.migrations.v0028_add_plan_dags_table' from '/Users/alexanderstoner/dev/sqlmesh-prac/.env/lib/python3.9/site-packages/sqlmesh/migrations/v0028_add_plan_dags_table.py'> (engine_adapter.py:1004)
2024-05-28 18:24:18,401 - MainThread - sqlmesh.core.state_sync.engine_adapter - INFO - Applying migration <module 'sqlmesh.migrations.v0029_generate_schema_types_using_dialect' from '/Users/alexanderstoner/dev/sqlmesh-prac/.env/lib/python3.9/site-packages/sqlmesh/migrations/v0029_generate_schema_types_using_dialect.py'> (engine_adapter.py:1004)
2024-05-28 18:24:18,401 - MainThread - sqlmesh.core.state_sync.engine_adapter - INFO - Applying migration <module 'sqlmesh.migrations.v0030_update_unrestorable_snapshots' from '/Users/alexanderstoner/dev/sqlmesh-prac/.env/lib/python3.9/site-packages/sqlmesh/migrations/v0030_update_unrestorable_snapshots.py'> (engine_adapter.py:1004)
2024-05-28 18:24:18,402 - MainThread - sqlmesh.core.state_sync.engine_adapter - INFO - Applying migration <module 'sqlmesh.migrations.v0031_remove_dbt_target_fields' from '/Users/alexanderstoner/dev/sqlmesh-prac/.env/lib/python3.9/site-packages/sqlmesh/migrations/v0031_remove_dbt_target_fields.py'> (engine_adapter.py:1004)
2024-05-28 18:24:18,403 - MainThread - sqlmesh.core.state_sync.engine_adapter - INFO - Applying migration <module 'sqlmesh.migrations.v0032_add_sqlmesh_version' from '/Users/alexanderstoner/dev/sqlmesh-prac/.env/lib/python3.9/site-packages/sqlmesh/migrations/v0032_add_sqlmesh_version.py'> (engine_adapter.py:1004)
2024-05-28 18:24:18,403 - MainThread - sqlmesh.core.state_sync.engine_adapter - INFO - Applying migration <module 'sqlmesh.migrations.v0033_mysql_fix_blob_text_type' from '/Users/alexanderstoner/dev/sqlmesh-prac/.env/lib/python3.9/site-packages/sqlmesh/migrations/v0033_mysql_fix_blob_text_type.py'> (engine_adapter.py:1004)
2024-05-28 18:24:18,403 - MainThread - sqlmesh.core.state_sync.engine_adapter - INFO - Applying migration <module 'sqlmesh.migrations.v0034_add_default_catalog' from '/Users/alexanderstoner/dev/sqlmesh-prac/.env/lib/python3.9/site-packages/sqlmesh/migrations/v0034_add_default_catalog.py'> (engine_adapter.py:1004)
2024-05-28 18:24:18,409 - MainThread - sqlmesh.core.state_sync.engine_adapter - INFO - Applying migration <module 'sqlmesh.migrations.v0035_add_catalog_name_override' from '/Users/alexanderstoner/dev/sqlmesh-prac/.env/lib/python3.9/site-packages/sqlmesh/migrations/v0035_add_catalog_name_override.py'> (engine_adapter.py:1004)
2024-05-28 18:24:18,410 - MainThread - sqlmesh.core.state_sync.engine_adapter - INFO - Applying migration <module 'sqlmesh.migrations.v0036_delete_plan_dags_bug_fix' from '/Users/alexanderstoner/dev/sqlmesh-prac/.env/lib/python3.9/site-packages/sqlmesh/migrations/v0036_delete_plan_dags_bug_fix.py'> (engine_adapter.py:1004)
2024-05-28 18:24:18,410 - MainThread - sqlmesh.core.state_sync.engine_adapter - INFO - Applying migration <module 'sqlmesh.migrations.v0037_remove_dbt_is_incremental_macro' from '/Users/alexanderstoner/dev/sqlmesh-prac/.env/lib/python3.9/site-packages/sqlmesh/migrations/v0037_remove_dbt_is_incremental_macro.py'> (engine_adapter.py:1004)
2024-05-28 18:24:18,411 - MainThread - sqlmesh.core.state_sync.engine_adapter - INFO - Applying migration <module 'sqlmesh.migrations.v0038_add_expiration_ts_to_snapshot' from '/Users/alexanderstoner/dev/sqlmesh-prac/.env/lib/python3.9/site-packages/sqlmesh/migrations/v0038_add_expiration_ts_to_snapshot.py'> (engine_adapter.py:1004)
2024-05-28 18:24:18,412 - MainThread - sqlmesh.core.state_sync.engine_adapter - INFO - Applying migration <module 'sqlmesh.migrations.v0039_include_environment_in_plan_dag_spec' from '/Users/alexanderstoner/dev/sqlmesh-prac/.env/lib/python3.9/site-packages/sqlmesh/migrations/v0039_include_environment_in_plan_dag_spec.py'> (engine_adapter.py:1004)
2024-05-28 18:24:18,414 - MainThread - sqlmesh.core.state_sync.engine_adapter - INFO - Applying migration <module 'sqlmesh.migrations.v0040_add_previous_finalized_snapshots' from '/Users/alexanderstoner/dev/sqlmesh-prac/.env/lib/python3.9/site-packages/sqlmesh/migrations/v0040_add_previous_finalized_snapshots.py'> (engine_adapter.py:1004)
2024-05-28 18:24:18,417 - MainThread - sqlmesh.core.state_sync.engine_adapter - INFO - Applying migration <module 'sqlmesh.migrations.v0041_remove_hash_raw_query_attribute' from '/Users/alexanderstoner/dev/sqlmesh-prac/.env/lib/python3.9/site-packages/sqlmesh/migrations/v0041_remove_hash_raw_query_attribute.py'> (engine_adapter.py:1004)
2024-05-28 18:24:18,419 - MainThread - sqlmesh.core.state_sync.engine_adapter - INFO - Applying migration <module 'sqlmesh.migrations.v0042_trim_indirect_versions' from '/Users/alexanderstoner/dev/sqlmesh-prac/.env/lib/python3.9/site-packages/sqlmesh/migrations/v0042_trim_indirect_versions.py'> (engine_adapter.py:1004)
2024-05-28 18:24:18,419 - MainThread - sqlmesh.core.state_sync.engine_adapter - INFO - Applying migration <module 'sqlmesh.migrations.v0043_fix_remove_obsolete_attributes_in_plan_dags' from '/Users/alexanderstoner/dev/sqlmesh-prac/.env/lib/python3.9/site-packages/sqlmesh/migrations/v0043_fix_remove_obsolete_attributes_in_plan_dags.py'> (engine_adapter.py:1004)
2024-05-28 18:24:18,420 - MainThread - sqlmesh.core.state_sync.engine_adapter - INFO - Applying migration <module 'sqlmesh.migrations.v0044_quote_identifiers_in_model_attributes' from '/Users/alexanderstoner/dev/sqlmesh-prac/.env/lib/python3.9/site-packages/sqlmesh/migrations/v0044_quote_identifiers_in_model_attributes.py'> (engine_adapter.py:1004)
2024-05-28 18:24:18,420 - MainThread - sqlmesh.core.state_sync.engine_adapter - INFO - Applying migration <module 'sqlmesh.migrations.v0045_move_gateway_variable' from '/Users/alexanderstoner/dev/sqlmesh-prac/.env/lib/python3.9/site-packages/sqlmesh/migrations/v0045_move_gateway_variable.py'> (engine_adapter.py:1004)
2024-05-28 18:24:18,421 - MainThread - sqlmesh.core.state_sync.engine_adapter - INFO - Applying migration <module 'sqlmesh.migrations.v0046_add_batch_concurrency' from '/Users/alexanderstoner/dev/sqlmesh-prac/.env/lib/python3.9/site-packages/sqlmesh/migrations/v0046_add_batch_concurrency.py'> (engine_adapter.py:1004)
2024-05-28 18:24:18,421 - MainThread - sqlmesh.core.state_sync.engine_adapter - INFO - Applying migration <module 'sqlmesh.migrations.v0047_change_scd_string_to_column' from '/Users/alexanderstoner/dev/sqlmesh-prac/.env/lib/python3.9/site-packages/sqlmesh/migrations/v0047_change_scd_string_to_column.py'> (engine_adapter.py:1004)
2024-05-28 18:24:18,421 - MainThread - sqlmesh.core.state_sync.engine_adapter - INFO - Applying migration <module 'sqlmesh.migrations.v0048_drop_indirect_versions' from '/Users/alexanderstoner/dev/sqlmesh-prac/.env/lib/python3.9/site-packages/sqlmesh/migrations/v0048_drop_indirect_versions.py'> (engine_adapter.py:1004)
2024-05-28 18:24:18,422 - MainThread - sqlmesh.core.state_sync.engine_adapter - INFO - Applying migration <module 'sqlmesh.migrations.v0049_replace_identifier_with_version_in_seeds_table' from '/Users/alexanderstoner/dev/sqlmesh-prac/.env/lib/python3.9/site-packages/sqlmesh/migrations/v0049_replace_identifier_with_version_in_seeds_table.py'> (engine_adapter.py:1004)
2024-05-28 18:24:18,427 - MainThread - sqlmesh.core.state_sync.engine_adapter - INFO - Applying migration <module 'sqlmesh.migrations.v0050_drop_seeds_table' from '/Users/alexanderstoner/dev/sqlmesh-prac/.env/lib/python3.9/site-packages/sqlmesh/migrations/v0050_drop_seeds_table.py'> (engine_adapter.py:1004)
2024-05-28 18:24:18,428 - MainThread - sqlmesh.core.state_sync.engine_adapter - INFO - Fetching environments (engine_adapter.py:1010)
2024-05-28 18:24:18,428 - MainThread - sqlmesh.core.state_sync.engine_adapter - INFO - Migrating snapshot rows... (engine_adapter.py:1027)
2024-05-28 18:24:18,428 - MainThread - sqlmesh.core.state_sync.engine_adapter - INFO - No changes to snapshots detected (engine_adapter.py:1020)
2024-05-28 18:24:24,656 - MainThread - sqlmesh.core.snapshot.evaluator - INFO - Listing data objects in schema db.sqlmesh__sqlmesh_example (evaluator.py:266)
2024-05-28 18:24:24,656 - MainThread - sqlmesh.core.engine_adapter.base - INFO - Executing SQL: SELECT CURRENT_CATALOG() (base.py:1834)
2024-05-28 18:24:24,657 - MainThread - sqlmesh.core.engine_adapter.base - INFO - Executing SQL: SELECT CURRENT_CATALOG() (base.py:1834)
2024-05-28 18:24:24,658 - MainThread - sqlmesh.core.engine_adapter.base - INFO - Executing SQL: SELECT table_name AS name, table_schema AS schema, CASE table_type WHEN 'BASE TABLE' THEN 'table' WHEN 'VIEW' THEN 'view' WHEN 'LOCAL TEMPORARY' THEN 'table' END AS type FROM information_schema.tables WHERE table_schema = 'sqlmesh__sqlmesh_example' AND table_name IN ('sqlmesh_example__incremental_model__4016300', 'sqlmesh_example__incremental_model__4016300__temp', 'sqlmesh_example__seed_model__3123850609__temp', 'sqlmesh_example__full_model__3621520695__temp', 'sqlmesh_example__full_model__3621520695', 'sqlmesh_example__seed_model__3123850609') (base.py:1834)
2024-05-28 18:24:24,665 - MainThread - sqlmesh.core.snapshot.evaluator - INFO - Creating schema 'db.sqlmesh__sqlmesh_example' (evaluator.py:850)
2024-05-28 18:24:24,666 - MainThread - sqlmesh.core.engine_adapter.base - INFO - Executing SQL: CREATE SCHEMA IF NOT EXISTS "db"."sqlmesh__sqlmesh_example" (base.py:1834)
2024-05-28 18:24:24,667 - MainThread - sqlmesh.core.snapshot.evaluator - INFO - Creating table 'db.sqlmesh__sqlmesh_example.sqlmesh_example__seed_model__3123850609__temp' (evaluator.py:1160)
2024-05-28 18:24:24,668 - MainThread - sqlmesh.core.engine_adapter.base - INFO - Executing SQL: CREATE TABLE IF NOT EXISTS "db"."sqlmesh__sqlmesh_example"."sqlmesh_example__seed_model__3123850609__temp" ("id" INT, "item_id" INT, "event_date" DATE, "nullz" INT) (base.py:1834)
2024-05-28 18:24:24,669 - MainThread - sqlmesh.core.snapshot.evaluator - INFO - Creating table 'db.sqlmesh__sqlmesh_example.sqlmesh_example__seed_model__3123850609' (evaluator.py:1160)
2024-05-28 18:24:24,670 - MainThread - sqlmesh.core.engine_adapter.base - INFO - Executing SQL: CREATE TABLE IF NOT EXISTS "db"."sqlmesh__sqlmesh_example"."sqlmesh_example__seed_model__3123850609" ("id" INT, "item_id" INT, "event_date" DATE, "nullz" INT) (base.py:1834)
2024-05-28 18:24:24,694 - MainThread - sqlmesh.core.context - ERROR - Apply Failure: Traceback (most recent call last):
  File "/Users/alexanderstoner/dev/sqlmesh-prac/.env/lib/python3.9/site-packages/sqlmesh/utils/concurrency.py", line 227, in sequential_apply_to_dag
    fn(node)
  File "/Users/alexanderstoner/dev/sqlmesh-prac/.env/lib/python3.9/site-packages/sqlmesh/utils/concurrency.py", line 165, in <lambda>
    lambda s_id: fn(snapshots_by_id[s_id]),
  File "/Users/alexanderstoner/dev/sqlmesh-prac/.env/lib/python3.9/site-packages/sqlmesh/core/snapshot/evaluator.py", line 293, in <lambda>
    lambda s: self._create_snapshot(
  File "/Users/alexanderstoner/dev/sqlmesh-prac/.env/lib/python3.9/site-packages/sqlmesh/core/snapshot/evaluator.py", line 680, in _create_snapshot
    evaluation_strategy.create(
  File "/Users/alexanderstoner/dev/sqlmesh-prac/.env/lib/python3.9/site-packages/sqlmesh/core/snapshot/evaluator.py", line 1367, in create
    self._replace_query_for_model(model, name, df)
  File "/Users/alexanderstoner/dev/sqlmesh-prac/.env/lib/python3.9/site-packages/sqlmesh/core/snapshot/evaluator.py", line 1014, in _replace_query_for_model
    self.adapter.replace_query(
  File "/Users/alexanderstoner/dev/sqlmesh-prac/.env/lib/python3.9/site-packages/sqlmesh/core/engine_adapter/shared.py", line 260, in internal_wrapper
    return func(*list_args, **kwargs)
  File "/Users/alexanderstoner/dev/sqlmesh-prac/.env/lib/python3.9/site-packages/sqlmesh/core/engine_adapter/base.py", line 304, in replace_query
    source_queries, columns_to_types = self._get_source_queries_and_columns_to_types(
  File "/Users/alexanderstoner/dev/sqlmesh-prac/.env/lib/python3.9/site-packages/sqlmesh/core/engine_adapter/base.py", line 227, in _get_source_queries_and_columns_to_types
    self._get_source_queries(
  File "/Users/alexanderstoner/dev/sqlmesh-prac/.env/lib/python3.9/site-packages/sqlmesh/core/engine_adapter/base.py", line 189, in _get_source_queries
    return self._df_to_source_queries(
  File "/Users/alexanderstoner/dev/sqlmesh-prac/.env/lib/python3.9/site-packages/sqlmesh/core/engine_adapter/duckdb.py", line 57, in _df_to_source_queries
    self.cursor.sql(f"CREATE TABLE {temp_table} AS {temp_table_sql}")
duckdb.duckdb.BinderException: Binder Error: Column "nullz" referenced that exists in the SELECT clause - but this column cannot be referenced before it is defined

The above exception was the direct cause of the following exception:

Traceback (most recent call last):
  File "/Users/alexanderstoner/dev/sqlmesh-prac/.env/lib/python3.9/site-packages/sqlmesh/core/context.py", line 1172, in apply
    self._apply(plan, circuit_breaker)
  File "/Users/alexanderstoner/dev/sqlmesh-prac/.env/lib/python3.9/site-packages/sqlmesh/core/context.py", line 1715, in _apply
    self._scheduler.create_plan_evaluator(self).evaluate(plan, circuit_breaker=circuit_breaker)
  File "/Users/alexanderstoner/dev/sqlmesh-prac/.env/lib/python3.9/site-packages/sqlmesh/core/plan/evaluator.py", line 109, in evaluate
    self._push(plan, deployability_index_for_creation)
  File "/Users/alexanderstoner/dev/sqlmesh-prac/.env/lib/python3.9/site-packages/sqlmesh/core/plan/evaluator.py", line 199, in _push
    self.snapshot_evaluator.create(
  File "/Users/alexanderstoner/dev/sqlmesh-prac/.env/lib/python3.9/site-packages/sqlmesh/core/snapshot/evaluator.py", line 291, in create
    concurrent_apply_to_snapshots(
  File "/Users/alexanderstoner/dev/sqlmesh-prac/.env/lib/python3.9/site-packages/sqlmesh/utils/concurrency.py", line 163, in concurrent_apply_to_snapshots
    return concurrent_apply_to_dag(
  File "/Users/alexanderstoner/dev/sqlmesh-prac/.env/lib/python3.9/site-packages/sqlmesh/utils/concurrency.py", line 198, in concurrent_apply_to_dag
    return sequential_apply_to_dag(dag, fn, raise_on_error)
  File "/Users/alexanderstoner/dev/sqlmesh-prac/.env/lib/python3.9/site-packages/sqlmesh/utils/concurrency.py", line 230, in sequential_apply_to_dag
    raise NodeExecutionFailedError(node) from ex
sqlmesh.utils.concurrency.NodeExecutionFailedError: Execution failed for node SnapshotId<"db"."sqlmesh_example"."seed_model": 2542346941>
 (context.py:1180)
2024-05-28 18:24:24,697 - MainThread - root - INFO - Shutting down the event dispatcher (dispatcher.py:159)
